demoSdklibrary/build/intermediates/manifest_merge_blame_file/debug/manifest-merger-blame-debug-report.txt
1<?xml version="1.0" encoding="utf-8"?>
2<manifest xmlns:android="http://schemas.android.com/apk/res/android"
3    package="com.example.demosdklibrary"
4    android:versionCode="1"
5    android:versionName="1.0" >
6
7    <uses-sdk
8        android:minSdkVersion="17"
8-->src\main\AndroidManifest.xml
9        android:targetSdkVersion="30" />
9-->src\main\AndroidManifest.xml
10
11    <uses-permission android:name="android.permission.INTERNET" />
11-->src\main\AndroidManifest.xml:4:5-66
11-->src\main\AndroidManifest.xml:4:22-64
12
13    <application>
13-->src\main\AndroidManifest.xml:5:5-8:19
14        <activity android:name="com.example.demosdklibrary.FirebaseLoginActivity" >
14-->src\main\AndroidManifest.xml:6:9-7:20
14-->src\main\AndroidManifest.xml:6:19-56
15        </activity>
16    </application>
17
18</manifest>